Determining if the pthread_create exist failed with the following output:
Change Dir: /home/sfy/robotdevelop/project/mine/Home_Service_Robot/build/CMakeFiles/CMakeTmp

Run Build Command:"/usr/bin/make" "cmTC_1a9da/fast"
/usr/bin/make -f CMakeFiles/cmTC_1a9da.dir/build.make CMakeFiles/cmTC_1a9da.dir/build
make[1]: Entering directory '/home/sfy/robotdevelop/project/mine/Home_Service_Robot/build/CMakeFiles/CMakeTmp'
Building C object CMakeFiles/cmTC_1a9da.dir/CheckSymbolExists.c.o
/usr/bin/cc     -o CMakeFiles/cmTC_1a9da.dir/CheckSymbolExists.c.o   -c /home/sfy/robotdevelop/project/mine/Home_Service_Robot/build/CMakeFiles/CMakeTmp/CheckSymbolExists.c
Linking C executable cmTC_1a9da
/usr/bin/cmake -E cmake_link_script CMakeFiles/cmTC_1a9da.dir/link.txt --verbose=1
/usr/bin/cc       CMakeFiles/cmTC_1a9da.dir/CheckSymbolExists.c.o  -o cmTC_1a9da -rdynamic 
CMakeFiles/cmTC_1a9da.dir/CheckSymbolExists.c.o: In function `main':
CheckSymbolExists.c:(.text+0x16): undefined reference to `pthread_create'
collect2: error: ld returned 1 exit status
CMakeFiles/cmTC_1a9da.dir/build.make:97: recipe for target 'cmTC_1a9da' failed
make[1]: *** [cmTC_1a9da] Error 1
make[1]: Leaving directory '/home/sfy/robotdevelop/project/mine/Home_Service_Robot/build/CMakeFiles/CMakeTmp'
Makefile:126: recipe for target 'cmTC_1a9da/fast' failed
make: *** [cmTC_1a9da/fast] Error 2

File /home/sfy/robotdevelop/project/mine/Home_Service_Robot/build/CMakeFiles/CMakeTmp/CheckSymbolExists.c:
/* */
#include <pthread.h>

int main(int argc, char** argv)
{
  (void)argv;
#ifndef pthread_create
  return ((int*)(&pthread_create))[argc];
#else
  (void)argc;
  return 0;
#endif
}

Determining if the function pthread_create exists in the pthreads failed with the following output:
Change Dir: /home/sfy/robotdevelop/project/mine/Home_Service_Robot/build/CMakeFiles/CMakeTmp

Run Build Command:"/usr/bin/make" "cmTC_de870/fast"
/usr/bin/make -f CMakeFiles/cmTC_de870.dir/build.make CMakeFiles/cmTC_de870.dir/build
make[1]: Entering directory '/home/sfy/robotdevelop/project/mine/Home_Service_Robot/build/CMakeFiles/CMakeTmp'
Building C object CMakeFiles/cmTC_de870.dir/CheckFunctionExists.c.o
/usr/bin/cc    -DCHECK_FUNCTION_EXISTS=pthread_create   -o CMakeFiles/cmTC_de870.dir/CheckFunctionExists.c.o   -c /usr/share/cmake-3.5/Modules/CheckFunctionExists.c
Linking C executable cmTC_de870
/usr/bin/cmake -E cmake_link_script CMakeFiles/cmTC_de870.dir/link.txt --verbose=1
/usr/bin/cc   -DCHECK_FUNCTION_EXISTS=pthread_create    CMakeFiles/cmTC_de870.dir/CheckFunctionExists.c.o  -o cmTC_de870 -rdynamic -lpthreads 
/usr/bin/ld: cannot find -lpthreads
collect2: error: ld returned 1 exit status
CMakeFiles/cmTC_de870.dir/build.make:97: recipe for target 'cmTC_de870' failed
make[1]: *** [cmTC_de870] Error 1
make[1]: Leaving directory '/home/sfy/robotdevelop/project/mine/Home_Service_Robot/build/CMakeFiles/CMakeTmp'
Makefile:126: recipe for target 'cmTC_de870/fast' failed
make: *** [cmTC_de870/fast] Error 2


